<?xml version="1.0" encoding="UTF-8"?>
<!-- Generated by org.testng.reporters.JUnitReportReporter -->
<testsuite skipped="0" hostname="prajaktaka-w10" name="com.script.Demo" tests="1" failures="0" timestamp="14 Jul 2021 07:58:50 GMT" time="12.409" errors="0">
  <testcase name="Testng" time="12.409" classname="com.script.Demo"/>
</testsuite> <!-- com.script.Demo -->
